<?xml version="1.0" encoding="UTF-8"?>
<testng-results ignored="0" total="7" passed="7" failed="0" skipped="0">
  <reporter-output>
  </reporter-output>
  <suite started-at="2022-11-09T11:37:59 IST" name="Suite" finished-at="2022-11-09T11:38:29 IST" duration-ms="30061">
    <groups>
    </groups>
    <test started-at="2022-11-09T11:37:59 IST" name="ChromeTest" finished-at="2022-11-09T11:38:29 IST" duration-ms="30061">
      <class name="com.testScenarios.TestLoginPage">
        <test-method is-config="true" signature="browserInit(java.lang.String)[pri:0, instance:com.testScenarios.TestLoginPage@17497425]" started-at="2022-11-09T11:37:59 IST" name="browserInit" finished-at="2022-11-09T11:38:03 IST" duration-ms="4446" status="PASS">
          <params>
            <param index="0">
              <value>
                <![CDATA[chrome]]>
              </value>
            </param>
          </params>
          <reporter-output>
          </reporter-output>
        </test-method> <!-- browserInit -->
        <test-method signature="verifyLoginPageTitle()[pri:1, instance:com.testScenarios.TestLoginPage@17497425]" started-at="2022-11-09T11:38:03 IST" name="verifyLoginPageTitle" finished-at="2022-11-09T11:38:03 IST" duration-ms="13" status="PASS">
          <reporter-output>
          </reporter-output>
        </test-method> <!-- verifyLoginPageTitle -->
        <test-method is-config="true" signature="tearDown()[pri:0, instance:com.testScenarios.TestLoginPage@17497425]" started-at="2022-11-09T11:38:03 IST" name="tearDown" finished-at="2022-11-09T11:38:04 IST" duration-ms="356" status="PASS">
          <reporter-output>
          </reporter-output>
        </test-method> <!-- tearDown -->
        <test-method is-config="true" signature="browserInit(java.lang.String)[pri:0, instance:com.testScenarios.TestLoginPage@17497425]" started-at="2022-11-09T11:38:04 IST" name="browserInit" finished-at="2022-11-09T11:38:05 IST" duration-ms="1826" status="PASS">
          <params>
            <param index="0">
              <value>
                <![CDATA[chrome]]>
              </value>
            </param>
          </params>
          <reporter-output>
          </reporter-output>
        </test-method> <!-- browserInit -->
        <test-method signature="loginRegisteredUser()[pri:2, instance:com.testScenarios.TestLoginPage@17497425]" started-at="2022-11-09T11:38:05 IST" name="loginRegisteredUser" finished-at="2022-11-09T11:38:11 IST" duration-ms="6037" status="PASS">
          <reporter-output>
          </reporter-output>
        </test-method> <!-- loginRegisteredUser -->
        <test-method is-config="true" signature="tearDown()[pri:0, instance:com.testScenarios.TestLoginPage@17497425]" started-at="2022-11-09T11:38:11 IST" name="tearDown" finished-at="2022-11-09T11:38:12 IST" duration-ms="445" status="PASS">
          <reporter-output>
          </reporter-output>
        </test-method> <!-- tearDown -->
        <test-method is-config="true" signature="browserInit(java.lang.String)[pri:0, instance:com.testScenarios.TestLoginPage@17497425]" started-at="2022-11-09T11:38:12 IST" name="browserInit" finished-at="2022-11-09T11:38:14 IST" duration-ms="2509" status="PASS">
          <params>
            <param index="0">
              <value>
                <![CDATA[chrome]]>
              </value>
            </param>
          </params>
          <reporter-output>
          </reporter-output>
        </test-method> <!-- browserInit -->
        <test-method signature="loginUnregisteredUser()[pri:3, instance:com.testScenarios.TestLoginPage@17497425]" started-at="2022-11-09T11:38:14 IST" name="loginUnregisteredUser" finished-at="2022-11-09T11:38:17 IST" duration-ms="2516" status="PASS">
          <reporter-output>
          </reporter-output>
        </test-method> <!-- loginUnregisteredUser -->
        <test-method is-config="true" signature="tearDown()[pri:0, instance:com.testScenarios.TestLoginPage@17497425]" started-at="2022-11-09T11:38:17 IST" name="tearDown" finished-at="2022-11-09T11:38:17 IST" duration-ms="347" status="PASS">
          <reporter-output>
          </reporter-output>
        </test-method> <!-- tearDown -->
        <test-method is-config="true" signature="browserInit(java.lang.String)[pri:0, instance:com.testScenarios.TestLoginPage@17497425]" started-at="2022-11-09T11:38:17 IST" name="browserInit" finished-at="2022-11-09T11:38:20 IST" duration-ms="2348" status="PASS">
          <params>
            <param index="0">
              <value>
                <![CDATA[chrome]]>
              </value>
            </param>
          </params>
          <reporter-output>
          </reporter-output>
        </test-method> <!-- browserInit -->
        <test-method signature="loginWithEmptyEmail()[pri:4, instance:com.testScenarios.TestLoginPage@17497425]" started-at="2022-11-09T11:38:20 IST" name="loginWithEmptyEmail" finished-at="2022-11-09T11:38:20 IST" duration-ms="423" status="PASS">
          <reporter-output>
          </reporter-output>
        </test-method> <!-- loginWithEmptyEmail -->
        <test-method is-config="true" signature="tearDown()[pri:0, instance:com.testScenarios.TestLoginPage@17497425]" started-at="2022-11-09T11:38:20 IST" name="tearDown" finished-at="2022-11-09T11:38:20 IST" duration-ms="352" status="PASS">
          <reporter-output>
          </reporter-output>
        </test-method> <!-- tearDown -->
        <test-method is-config="true" signature="browserInit(java.lang.String)[pri:0, instance:com.testScenarios.TestLoginPage@17497425]" started-at="2022-11-09T11:38:20 IST" name="browserInit" finished-at="2022-11-09T11:38:22 IST" duration-ms="2005" status="PASS">
          <params>
            <param index="0">
              <value>
                <![CDATA[chrome]]>
              </value>
            </param>
          </params>
          <reporter-output>
          </reporter-output>
        </test-method> <!-- browserInit -->
        <test-method signature="loginWithEmptyPassword()[pri:5, instance:com.testScenarios.TestLoginPage@17497425]" started-at="2022-11-09T11:38:22 IST" name="loginWithEmptyPassword" finished-at="2022-11-09T11:38:23 IST" duration-ms="479" status="PASS">
          <reporter-output>
          </reporter-output>
        </test-method> <!-- loginWithEmptyPassword -->
        <test-method is-config="true" signature="tearDown()[pri:0, instance:com.testScenarios.TestLoginPage@17497425]" started-at="2022-11-09T11:38:23 IST" name="tearDown" finished-at="2022-11-09T11:38:23 IST" duration-ms="405" status="PASS">
          <reporter-output>
          </reporter-output>
        </test-method> <!-- tearDown -->
        <test-method is-config="true" signature="browserInit(java.lang.String)[pri:0, instance:com.testScenarios.TestLoginPage@17497425]" started-at="2022-11-09T11:38:23 IST" name="browserInit" finished-at="2022-11-09T11:38:26 IST" duration-ms="2482" status="PASS">
          <params>
            <param index="0">
              <value>
                <![CDATA[chrome]]>
              </value>
            </param>
          </params>
          <reporter-output>
          </reporter-output>
        </test-method> <!-- browserInit -->
        <test-method signature="loginWithEmptyEmailAndPassword()[pri:6, instance:com.testScenarios.TestLoginPage@17497425]" started-at="2022-11-09T11:38:26 IST" name="loginWithEmptyEmailAndPassword" finished-at="2022-11-09T11:38:26 IST" duration-ms="428" status="PASS">
          <reporter-output>
          </reporter-output>
        </test-method> <!-- loginWithEmptyEmailAndPassword -->
        <test-method is-config="true" signature="tearDown()[pri:0, instance:com.testScenarios.TestLoginPage@17497425]" started-at="2022-11-09T11:38:26 IST" name="tearDown" finished-at="2022-11-09T11:38:26 IST" duration-ms="352" status="PASS">
          <reporter-output>
          </reporter-output>
        </test-method> <!-- tearDown -->
        <test-method is-config="true" signature="browserInit(java.lang.String)[pri:0, instance:com.testScenarios.TestLoginPage@17497425]" started-at="2022-11-09T11:38:26 IST" name="browserInit" finished-at="2022-11-09T11:38:28 IST" duration-ms="1742" status="PASS">
          <params>
            <param index="0">
              <value>
                <![CDATA[chrome]]>
              </value>
            </param>
          </params>
          <reporter-output>
          </reporter-output>
        </test-method> <!-- browserInit -->
        <test-method signature="verifyEyeIcon()[pri:7, instance:com.testScenarios.TestLoginPage@17497425]" started-at="2022-11-09T11:38:28 IST" name="verifyEyeIcon" finished-at="2022-11-09T11:38:28 IST" duration-ms="82" status="PASS">
          <reporter-output>
          </reporter-output>
        </test-method> <!-- verifyEyeIcon -->
        <test-method is-config="true" signature="tearDown()[pri:0, instance:com.testScenarios.TestLoginPage@17497425]" started-at="2022-11-09T11:38:28 IST" name="tearDown" finished-at="2022-11-09T11:38:29 IST" duration-ms="417" status="PASS">
          <reporter-output>
          </reporter-output>
        </test-method> <!-- tearDown -->
      </class> <!-- com.testScenarios.TestLoginPage -->
    </test> <!-- ChromeTest -->
  </suite> <!-- Suite -->
</testng-results>
