<?xml version="1.0" encoding="UTF-8"?>
<testng-results ignored="0" total="6" passed="5" failed="1" skipped="0">
  <reporter-output>
  </reporter-output>
  <suite started-at="2022-11-06T08:27:21 IST" name="Suite" finished-at="2022-11-06T08:27:59 IST" duration-ms="38068">
    <groups>
    </groups>
    <test started-at="2022-11-06T08:27:21 IST" name="ChromeTest" finished-at="2022-11-06T08:27:59 IST" duration-ms="38068">
      <class name="com.testScenarios.TestLoginPage">
        <test-method is-config="true" signature="browserInit(java.lang.String)[pri:0, instance:com.testScenarios.TestLoginPage@6404f418]" started-at="2022-11-06T08:27:21 IST" name="browserInit" finished-at="2022-11-06T08:27:29 IST" duration-ms="7777" status="PASS">
          <params>
            <param index="0">
              <value>
                <![CDATA[chrome]]>
              </value>
            </param>
          </params>
          <reporter-output>
          </reporter-output>
        </test-method> <!-- browserInit -->
        <test-method signature="verifyLoginPageTitle()[pri:1, instance:com.testScenarios.TestLoginPage@6404f418]" started-at="2022-11-06T08:27:29 IST" name="verifyLoginPageTitle" finished-at="2022-11-06T08:27:29 IST" duration-ms="14" status="PASS">
          <reporter-output>
          </reporter-output>
        </test-method> <!-- verifyLoginPageTitle -->
        <test-method is-config="true" signature="tearDown()[pri:0, instance:com.testScenarios.TestLoginPage@6404f418]" started-at="2022-11-06T08:27:29 IST" name="tearDown" finished-at="2022-11-06T08:27:29 IST" duration-ms="427" status="PASS">
          <reporter-output>
          </reporter-output>
        </test-method> <!-- tearDown -->
        <test-method is-config="true" signature="browserInit(java.lang.String)[pri:0, instance:com.testScenarios.TestLoginPage@6404f418]" started-at="2022-11-06T08:27:29 IST" name="browserInit" finished-at="2022-11-06T08:27:32 IST" duration-ms="2580" status="PASS">
          <params>
            <param index="0">
              <value>
                <![CDATA[chrome]]>
              </value>
            </param>
          </params>
          <reporter-output>
          </reporter-output>
        </test-method> <!-- browserInit -->
        <test-method signature="loginRegisteredUser()[pri:2, instance:com.testScenarios.TestLoginPage@6404f418]" started-at="2022-11-06T08:27:32 IST" name="loginRegisteredUser" finished-at="2022-11-06T08:27:38 IST" duration-ms="5993" status="FAIL">
          <exception class="org.openqa.selenium.NoSuchElementException">
            <message>
              <![CDATA[no such element: Unable to locate element: {"method":"xpath","selector":"//*[@id="root"]/div[1]/button"}
  (Session info: chrome=107.0.5304.88)
For documentation on this error, please visit: https://selenium.dev/exceptions/#no_such_element
Build info: version: '4.5.3', revision: '4b786a1e430'
System info: os.name: 'Windows 10', os.arch: 'amd64', os.version: '10.0', java.version: '17.0.4.1'
Driver info: org.openqa.selenium.chrome.ChromeDriver
Command: [ca439e1b1c4281d1f869242405827b4d, findElement {using=xpath, value=//*[@id="root"]/div[1]/button}]
Capabilities {acceptInsecureCerts: false, browserName: chrome, browserVersion: 107.0.5304.88, chrome: {chromedriverVersion: 107.0.5304.62 (1eec40d3a576..., userDataDir: C:\Users\SATISH~1.DEV\AppDa...}, goog:chromeOptions: {debuggerAddress: localhost:62367}, networkConnectionEnabled: false, pageLoadStrategy: normal, platformName: WINDOWS, proxy: Proxy(), se:cdp: ws://localhost:62367/devtoo..., se:cdpVersion: 107.0.5304.88, setWindowRect: true, strictFileInteractability: false, timeouts: {implicit: 0, pageLoad: 300000, script: 30000}, unhandledPromptBehavior: dismiss and notify, webauthn:extension:credBlob: true, webauthn:extension:largeBlob: true, webauthn:virtualAuthenticators: true}
Session ID: ca439e1b1c4281d1f869242405827b4d]]>
            </message>
            <full-stacktrace>
              <![CDATA[org.openqa.selenium.NoSuchElementException: no such element: Unable to locate element: {"method":"xpath","selector":"//*[@id="root"]/div[1]/button"}
  (Session info: chrome=107.0.5304.88)
For documentation on this error, please visit: https://selenium.dev/exceptions/#no_such_element
Build info: version: '4.5.3', revision: '4b786a1e430'
System info: os.name: 'Windows 10', os.arch: 'amd64', os.version: '10.0', java.version: '17.0.4.1'
Driver info: org.openqa.selenium.chrome.ChromeDriver
Command: [ca439e1b1c4281d1f869242405827b4d, findElement {using=xpath, value=//*[@id="root"]/div[1]/button}]
Capabilities {acceptInsecureCerts: false, browserName: chrome, browserVersion: 107.0.5304.88, chrome: {chromedriverVersion: 107.0.5304.62 (1eec40d3a576..., userDataDir: C:\Users\SATISH~1.DEV\AppDa...}, goog:chromeOptions: {debuggerAddress: localhost:62367}, networkConnectionEnabled: false, pageLoadStrategy: normal, platformName: WINDOWS, proxy: Proxy(), se:cdp: ws://localhost:62367/devtoo..., se:cdpVersion: 107.0.5304.88, setWindowRect: true, strictFileInteractability: false, timeouts: {implicit: 0, pageLoad: 300000, script: 30000}, unhandledPromptBehavior: dismiss and notify, webauthn:extension:credBlob: true, webauthn:extension:largeBlob: true, webauthn:virtualAuthenticators: true}
Session ID: ca439e1b1c4281d1f869242405827b4d
at java.base/jdk.internal.reflect.NativeConstructorAccessorImpl.newInstance0(Native Method)
at java.base/jdk.internal.reflect.NativeConstructorAccessorImpl.newInstance(NativeConstructorAccessorImpl.java:77)
at java.base/jdk.internal.reflect.DelegatingConstructorAccessorImpl.newInstance(DelegatingConstructorAccessorImpl.java:45)
at java.base/java.lang.reflect.Constructor.newInstanceWithCaller(Constructor.java:499)
at java.base/java.lang.reflect.Constructor.newInstance(Constructor.java:480)
at org.openqa.selenium.remote.codec.w3c.W3CHttpResponseCodec.createException(W3CHttpResponseCodec.java:200)
at org.openqa.selenium.remote.codec.w3c.W3CHttpResponseCodec.decode(W3CHttpResponseCodec.java:133)
at org.openqa.selenium.remote.codec.w3c.W3CHttpResponseCodec.decode(W3CHttpResponseCodec.java:53)
at org.openqa.selenium.remote.HttpCommandExecutor.execute(HttpCommandExecutor.java:184)
at org.openqa.selenium.remote.service.DriverCommandExecutor.invokeExecute(DriverCommandExecutor.java:167)
at org.openqa.selenium.remote.service.DriverCommandExecutor.execute(DriverCommandExecutor.java:142)
at org.openqa.selenium.remote.RemoteWebDriver.execute(RemoteWebDriver.java:541)
at org.openqa.selenium.remote.ElementLocation$ElementFinder$2.findElement(ElementLocation.java:162)
at org.openqa.selenium.remote.ElementLocation.findElement(ElementLocation.java:60)
at org.openqa.selenium.remote.RemoteWebDriver.findElement(RemoteWebDriver.java:365)
at org.openqa.selenium.remote.RemoteWebDriver.findElement(RemoteWebDriver.java:357)
at org.openqa.selenium.support.pagefactory.DefaultElementLocator.findElement(DefaultElementLocator.java:70)
at org.openqa.selenium.support.pagefactory.internal.LocatingElementHandler.invoke(LocatingElementHandler.java:39)
at jdk.proxy2/jdk.proxy2.$Proxy17.click(Unknown Source)
at com.pageFactory.LoginPageObjects.logout(LoginPageObjects.java:60)
at com.testScenarios.TestLoginPage.loginRegisteredUser(TestLoginPage.java:99)
at java.base/jdk.internal.reflect.NativeMethodAccessorImpl.invoke0(Native Method)
at java.base/jdk.internal.reflect.NativeMethodAccessorImpl.invoke(NativeMethodAccessorImpl.java:77)
at java.base/jdk.internal.reflect.DelegatingMethodAccessorImpl.invoke(DelegatingMethodAccessorImpl.java:43)
at java.base/java.lang.reflect.Method.invoke(Method.java:568)
at org.testng.internal.MethodInvocationHelper.invokeMethod(MethodInvocationHelper.java:133)
at org.testng.internal.TestInvoker.invokeMethod(TestInvoker.java:598)
at org.testng.internal.TestInvoker.invokeTestMethod(TestInvoker.java:173)
at org.testng.internal.MethodRunner.runInSequence(MethodRunner.java:46)
at org.testng.internal.TestInvoker$MethodInvocationAgent.invoke(TestInvoker.java:824)
at org.testng.internal.TestInvoker.invokeTestMethods(TestInvoker.java:146)
at org.testng.internal.TestMethodWorker.invokeTestMethods(TestMethodWorker.java:146)
at org.testng.internal.TestMethodWorker.run(TestMethodWorker.java:128)
at java.base/java.util.ArrayList.forEach(ArrayList.java:1511)
at org.testng.TestRunner.privateRun(TestRunner.java:794)
at org.testng.TestRunner.run(TestRunner.java:596)
at org.testng.SuiteRunner.runTest(SuiteRunner.java:377)
at org.testng.SuiteRunner.access$000(SuiteRunner.java:28)
at org.testng.SuiteRunner$SuiteWorker.run(SuiteRunner.java:418)
at org.testng.internal.thread.ThreadUtil.lambda$execute$0(ThreadUtil.java:64)
at java.base/java.util.concurrent.FutureTask.run(FutureTask.java:264)
at java.base/java.util.concurrent.ThreadPoolExecutor.runWorker(ThreadPoolExecutor.java:1136)
at java.base/java.util.concurrent.ThreadPoolExecutor$Worker.run(ThreadPoolExecutor.java:635)
at java.base/java.lang.Thread.run(Thread.java:833)
]]>
            </full-stacktrace>
          </exception> <!-- org.openqa.selenium.NoSuchElementException -->
          <reporter-output>
          </reporter-output>
        </test-method> <!-- loginRegisteredUser -->
        <test-method is-config="true" signature="tearDown()[pri:0, instance:com.testScenarios.TestLoginPage@6404f418]" started-at="2022-11-06T08:27:38 IST" name="tearDown" finished-at="2022-11-06T08:27:38 IST" duration-ms="402" status="PASS">
          <reporter-output>
          </reporter-output>
        </test-method> <!-- tearDown -->
        <test-method is-config="true" signature="browserInit(java.lang.String)[pri:0, instance:com.testScenarios.TestLoginPage@6404f418]" started-at="2022-11-06T08:27:38 IST" name="browserInit" finished-at="2022-11-06T08:27:41 IST" duration-ms="3108" status="PASS">
          <params>
            <param index="0">
              <value>
                <![CDATA[chrome]]>
              </value>
            </param>
          </params>
          <reporter-output>
          </reporter-output>
        </test-method> <!-- browserInit -->
        <test-method signature="loginUnregisteredUser()[pri:3, instance:com.testScenarios.TestLoginPage@6404f418]" started-at="2022-11-06T08:27:41 IST" name="loginUnregisteredUser" finished-at="2022-11-06T08:27:49 IST" duration-ms="7674" status="PASS">
          <reporter-output>
          </reporter-output>
        </test-method> <!-- loginUnregisteredUser -->
        <test-method is-config="true" signature="tearDown()[pri:0, instance:com.testScenarios.TestLoginPage@6404f418]" started-at="2022-11-06T08:27:49 IST" name="tearDown" finished-at="2022-11-06T08:27:50 IST" duration-ms="395" status="PASS">
          <reporter-output>
          </reporter-output>
        </test-method> <!-- tearDown -->
        <test-method is-config="true" signature="browserInit(java.lang.String)[pri:0, instance:com.testScenarios.TestLoginPage@6404f418]" started-at="2022-11-06T08:27:50 IST" name="browserInit" finished-at="2022-11-06T08:27:52 IST" duration-ms="2596" status="PASS">
          <params>
            <param index="0">
              <value>
                <![CDATA[chrome]]>
              </value>
            </param>
          </params>
          <reporter-output>
          </reporter-output>
        </test-method> <!-- browserInit -->
        <test-method signature="loginWithEmptyEmail()[pri:4, instance:com.testScenarios.TestLoginPage@6404f418]" started-at="2022-11-06T08:27:52 IST" name="loginWithEmptyEmail" finished-at="2022-11-06T08:27:53 IST" duration-ms="506" status="PASS">
          <reporter-output>
          </reporter-output>
        </test-method> <!-- loginWithEmptyEmail -->
        <test-method is-config="true" signature="tearDown()[pri:0, instance:com.testScenarios.TestLoginPage@6404f418]" started-at="2022-11-06T08:27:53 IST" name="tearDown" finished-at="2022-11-06T08:27:53 IST" duration-ms="388" status="PASS">
          <reporter-output>
          </reporter-output>
        </test-method> <!-- tearDown -->
        <test-method is-config="true" signature="browserInit(java.lang.String)[pri:0, instance:com.testScenarios.TestLoginPage@6404f418]" started-at="2022-11-06T08:27:53 IST" name="browserInit" finished-at="2022-11-06T08:27:56 IST" duration-ms="2568" status="PASS">
          <params>
            <param index="0">
              <value>
                <![CDATA[chrome]]>
              </value>
            </param>
          </params>
          <reporter-output>
          </reporter-output>
        </test-method> <!-- browserInit -->
        <test-method signature="loginWithEmptyPassword()[pri:5, instance:com.testScenarios.TestLoginPage@6404f418]" started-at="2022-11-06T08:27:56 IST" name="loginWithEmptyPassword" finished-at="2022-11-06T08:27:56 IST" duration-ms="393" status="PASS">
          <reporter-output>
          </reporter-output>
        </test-method> <!-- loginWithEmptyPassword -->
        <test-method is-config="true" signature="tearDown()[pri:0, instance:com.testScenarios.TestLoginPage@6404f418]" started-at="2022-11-06T08:27:56 IST" name="tearDown" finished-at="2022-11-06T08:27:56 IST" duration-ms="332" status="PASS">
          <reporter-output>
          </reporter-output>
        </test-method> <!-- tearDown -->
        <test-method is-config="true" signature="browserInit(java.lang.String)[pri:0, instance:com.testScenarios.TestLoginPage@6404f418]" started-at="2022-11-06T08:27:56 IST" name="browserInit" finished-at="2022-11-06T08:27:58 IST" duration-ms="2049" status="PASS">
          <params>
            <param index="0">
              <value>
                <![CDATA[chrome]]>
              </value>
            </param>
          </params>
          <reporter-output>
          </reporter-output>
        </test-method> <!-- browserInit -->
        <test-method signature="loginWithEmptyEmailAndPassword()[pri:6, instance:com.testScenarios.TestLoginPage@6404f418]" started-at="2022-11-06T08:27:58 IST" name="loginWithEmptyEmailAndPassword" finished-at="2022-11-06T08:27:59 IST" duration-ms="504" status="PASS">
          <reporter-output>
          </reporter-output>
        </test-method> <!-- loginWithEmptyEmailAndPassword -->
        <test-method is-config="true" signature="tearDown()[pri:0, instance:com.testScenarios.TestLoginPage@6404f418]" started-at="2022-11-06T08:27:59 IST" name="tearDown" finished-at="2022-11-06T08:27:59 IST" duration-ms="316" status="PASS">
          <reporter-output>
          </reporter-output>
        </test-method> <!-- tearDown -->
      </class> <!-- com.testScenarios.TestLoginPage -->
    </test> <!-- ChromeTest -->
  </suite> <!-- Suite -->
</testng-results>
