<?xml version="1.0" encoding="UTF-8"?>
<!-- Generated by org.testng.reporters.JUnitXMLReporter -->
<testsuite ignored="0" hostname="BTWINAUucmAIKsr" failures="0" tests="7" name="ChromeTest" time="30.061" errors="0" timestamp="2022-11-09T11:38:29 IST">
  <testcase classname="com.testScenarios.TestLoginPage" name="verifyLoginPageTitle" time="0.013"/>
  <testcase classname="com.testScenarios.TestLoginPage" name="loginRegisteredUser" time="6.037"/>
  <testcase classname="com.testScenarios.TestLoginPage" name="loginUnregisteredUser" time="2.516"/>
  <testcase classname="com.testScenarios.TestLoginPage" name="loginWithEmptyEmail" time="0.423"/>
  <testcase classname="com.testScenarios.TestLoginPage" name="loginWithEmptyPassword" time="0.479"/>
  <testcase classname="com.testScenarios.TestLoginPage" name="loginWithEmptyEmailAndPassword" time="0.428"/>
  <testcase classname="com.testScenarios.TestLoginPage" name="verifyEyeIcon" time="0.082"/>
</testsuite> <!-- ChromeTest -->
