<?xml version="1.0" encoding="UTF-8"?>
<!-- Generated by org.testng.reporters.JUnitXMLReporter -->
<testsuite ignored="0" hostname="BTWINAUucmAIKsr" failures="0" tests="4" name="FirefoxTest" time="25.079" errors="0" timestamp="2022-11-04T14:59:18 IST">
  <testcase classname="com.testScenarios.TestEmployeePage" name="signinVerification" time="0.812"/>
  <testcase classname="com.testScenarios.TestEmployeePage" name="addTask" time="13.067"/>
  <testcase classname="com.testScenarios.TestEmployeePage" name="verifyAddedTaskInPendingSection" time="0.578"/>
  <testcase classname="com.testScenarios.TestEmployeePage" name="logoutVerification" time="1.268"/>
</testsuite> <!-- FirefoxTest -->
